'27-Sep-21 14:14:52 - root - INFO - new shop is added successfully : hyper' 

'27-Sep-21 14:16:36 - root - INFO - new shop is added successfully : iu' 

'27-Sep-21 14:18:05 - root - INFO - new shop is added successfully : kooki' 

'27-Sep-21 14:19:28 - root - INFO - new shop is added successfully : ami' 

'27-Sep-21 14:21:12 - root - ERROR - password or username not confirmed!' 

'27-Sep-21 14:27:42 - root - INFO - you entered successfully!' 

'27-Sep-21 15:09:53 - root - INFO - you entered successfully!' 

'27-Sep-21 15:13:10 - root - INFO - you entered successfully!' 

'27-Sep-21 15:13:39 - root - INFO - you entered successfully!' 

'27-Sep-21 15:20:50 - root - INFO - you entered successfully!' 

'27-Sep-21 15:22:52 - root - INFO - you entered successfully!' 

'27-Sep-21 15:24:25 - root - INFO - you entered successfully!' 

'27-Sep-21 15:26:26 - root - INFO - you entered successfully!' 

'27-Sep-21 15:30:12 - root - INFO - you entered successfully!' 

'27-Sep-21 15:35:08 - root - INFO - you entered successfully!' 

'27-Sep-21 15:39:34 - root - INFO - you entered successfully!' 

'27-Sep-21 15:41:30 - root - INFO - you entered successfully!' 

'27-Sep-21 15:45:39 - root - INFO - you entered successfully!' 

'27-Sep-21 15:45:39 - root - ERROR - log in unsuccessful!' 

'27-Sep-21 15:46:46 - root - INFO - you entered successfully!' 

'27-Sep-21 15:46:46 - root - ERROR - log in unsuccessful!' 

'27-Sep-21 15:53:33 - root - INFO - you entered successfully!' 

'27-Sep-21 15:53:33 - root - ERROR - log in unsuccessful!' 

'27-Sep-21 15:57:25 - root - INFO - you entered successfully!' 

'27-Sep-21 15:57:25 - root - ERROR - log in unsuccessful!' 

'27-Sep-21 15:58:45 - root - INFO - you entered successfully!' 

'27-Sep-21 16:00:29 - root - INFO - you entered successfully!' 

'27-Sep-21 16:12:57 - root - INFO - you entered successfully!' 

'27-Sep-21 16:14:56 - root - INFO - you entered successfully!' 

'27-Sep-21 16:17:04 - root - INFO - New products added' 

'27-Sep-21 16:19:04 - root - INFO - you entered successfully!' 

'27-Sep-21 16:20:18 - root - INFO - you entered successfully!' 

'27-Sep-21 16:20:42 - root - INFO - you entered successfully!' 

'27-Sep-21 16:21:52 - root - INFO - New products added' 

'27-Sep-21 16:23:47 - root - INFO - you entered successfully!' 

'27-Sep-21 17:19:27 - root - WARNING - These goods are running out' 

'27-Sep-21 17:20:35 - root - WARNING - These goods are running out' 

'27-Sep-21 17:21:58 - root - WARNING - These goods are running out' 

'27-Sep-21 17:22:47 - root - WARNING - These goods are running out' 

'27-Sep-21 17:23:54 - root - WARNING - These goods are running out' 

'27-Sep-21 17:24:33 - root - WARNING - These goods are running out' 

'27-Sep-21 17:26:25 - root - INFO - you entered successfully!' 

'27-Sep-21 17:26:25 - root - WARNING - These goods are running out' 

'27-Sep-21 17:27:11 - root - INFO - New products added' 

'27-Sep-21 17:31:31 - root - INFO - you entered successfully!' 

'27-Sep-21 17:31:31 - root - WARNING - These goods are running out' 

'27-Sep-21 17:36:41 - root - INFO - you entered successfully!' 

'27-Sep-21 17:36:41 - root - WARNING - These goods are running out' 

'27-Sep-21 17:40:43 - root - INFO - you entered successfully!' 

'27-Sep-21 17:40:43 - root - WARNING - These goods are running out' 

'27-Sep-21 17:41:02 - root - WARNING - These goods are running out' 

'27-Sep-21 17:43:47 - root - INFO - you entered successfully!' 

'27-Sep-21 17:43:47 - root - WARNING - These goods are running out' 

'27-Sep-21 17:45:26 - root - INFO - you entered successfully!' 

'27-Sep-21 17:45:26 - root - WARNING - These goods are running out' 

'27-Sep-21 17:49:07 - root - INFO - you entered successfully!' 

'27-Sep-21 17:49:07 - root - WARNING - These goods are running out' 

'27-Sep-21 17:49:13 - root - ERROR - No customer!' 

'27-Sep-21 17:58:33 - root - INFO - you entered successfully!' 

'27-Sep-21 17:58:33 - root - WARNING - These goods are running out' 

'27-Sep-21 17:58:41 - root - ERROR - No customer!' 

'27-Sep-21 17:58:41 - root - ERROR - No customer!' 

'27-Sep-21 17:58:41 - root - ERROR - No customer!' 

'27-Sep-21 17:58:41 - root - ERROR - No customer!' 

'27-Sep-21 17:58:41 - root - ERROR - No customer!' 

'27-Sep-21 17:58:41 - root - ERROR - No customer!' 

'27-Sep-21 17:58:41 - root - ERROR - No customer!' 

'27-Sep-21 17:58:41 - root - ERROR - No customer!' 

'27-Sep-21 17:58:41 - root - ERROR - No customer!' 

'27-Sep-21 17:58:41 - root - ERROR - No customer!' 

'27-Sep-21 17:58:41 - root - ERROR - No customer!' 

'27-Sep-21 17:58:41 - root - ERROR - No customer!' 

'27-Sep-21 17:58:41 - root - ERROR - No customer!' 

'27-Sep-21 17:58:41 - root - ERROR - No customer!' 

'27-Sep-21 17:58:41 - root - ERROR - No customer!' 

'27-Sep-21 17:58:41 - root - ERROR - No customer!' 

'27-Sep-21 17:58:41 - root - ERROR - No customer!' 

'27-Sep-21 17:58:41 - root - ERROR - No customer!' 

'27-Sep-21 17:58:41 - root - ERROR - No customer!' 

'27-Sep-21 17:58:41 - root - ERROR - No customer!' 

'27-Sep-21 17:58:41 - root - ERROR - No customer!' 

'27-Sep-21 17:58:41 - root - ERROR - No customer!' 

'27-Sep-21 17:58:41 - root - ERROR - No customer!' 

'27-Sep-21 17:58:41 - root - ERROR - No customer!' 

'27-Sep-21 18:00:17 - root - INFO - you entered successfully!' 

'27-Sep-21 18:00:17 - root - WARNING - These goods are running out' 

'27-Sep-21 18:00:22 - root - ERROR - No customer!' 

'27-Sep-21 18:00:22 - root - ERROR - No customer!' 

'27-Sep-21 18:00:22 - root - ERROR - No customer!' 

'27-Sep-21 18:00:22 - root - ERROR - No customer!' 

'27-Sep-21 18:00:22 - root - ERROR - No customer!' 

'27-Sep-21 18:00:22 - root - ERROR - No customer!' 

'27-Sep-21 18:00:22 - root - ERROR - No customer!' 

'27-Sep-21 18:00:22 - root - ERROR - No customer!' 

'27-Sep-21 18:00:22 - root - ERROR - No customer!' 

'27-Sep-21 18:00:22 - root - ERROR - No customer!' 

'27-Sep-21 18:00:22 - root - ERROR - No customer!' 

'27-Sep-21 18:00:22 - root - ERROR - No customer!' 

'27-Sep-21 18:00:22 - root - ERROR - No customer!' 

'27-Sep-21 18:00:22 - root - ERROR - No customer!' 

'27-Sep-21 18:00:22 - root - ERROR - No customer!' 

'27-Sep-21 18:00:22 - root - ERROR - No customer!' 

'27-Sep-21 18:00:22 - root - ERROR - No customer!' 

'27-Sep-21 18:00:22 - root - ERROR - No customer!' 

'27-Sep-21 18:00:22 - root - ERROR - No customer!' 

'27-Sep-21 18:00:22 - root - ERROR - No customer!' 

'27-Sep-21 18:00:22 - root - ERROR - No customer!' 

'27-Sep-21 18:00:22 - root - ERROR - No customer!' 

'27-Sep-21 18:00:22 - root - ERROR - No customer!' 

'27-Sep-21 18:00:22 - root - ERROR - No customer!' 

'27-Sep-21 18:04:56 - root - INFO - you entered successfully!' 

'27-Sep-21 18:04:56 - root - WARNING - These goods are running out' 

'27-Sep-21 18:05:00 - root - ERROR - No customer!' 

'27-Sep-21 18:06:18 - root - INFO - you entered successfully!' 

'27-Sep-21 18:06:18 - root - WARNING - These goods are running out' 

'27-Sep-21 18:06:20 - root - ERROR - No customer!' 

'27-Sep-21 18:07:35 - root - INFO - you entered successfully!' 

'27-Sep-21 18:07:35 - root - WARNING - These goods are running out' 

'27-Sep-21 18:07:37 - root - ERROR - No customer!' 

'27-Sep-21 18:09:40 - root - INFO - you entered successfully!' 

'27-Sep-21 18:09:40 - root - WARNING - These goods are running out' 

'27-Sep-21 18:11:04 - root - INFO - you entered successfully!' 

'27-Sep-21 18:11:04 - root - WARNING - These goods are running out' 

'27-Sep-21 18:13:16 - root - INFO - you entered successfully!' 

'27-Sep-21 18:13:16 - root - WARNING - These goods are running out' 

'27-Sep-21 18:17:34 - root - INFO - you entered successfully!' 

'27-Sep-21 18:17:34 - root - WARNING - These goods are running out' 

'27-Sep-21 18:39:00 - root - INFO - you entered successfully!' 

'27-Sep-21 18:39:40 - root - INFO - New products added' 

'27-Sep-21 18:52:59 - root - INFO - you entered successfully!' 

'27-Sep-21 18:52:59 - root - INFO - All goods are available now' 

'27-Sep-21 18:53:16 - root - INFO - All goods are available now' 

'27-Sep-21 18:54:05 - root - INFO - you entered successfully!' 

'27-Sep-21 18:54:05 - root - INFO - All goods are available now' 

'27-Sep-21 18:54:56 - root - WARNING - No such option available' 

'27-Sep-21 18:56:07 - root - INFO - you entered successfully!' 

'27-Sep-21 18:56:07 - root - INFO - All goods are available now' 

'27-Sep-21 18:56:22 - root - WARNING - No such option available' 

'27-Sep-21 19:41:55 - root - INFO - list of customers:
{'username': '09198928712', 'password': '97a6d21df7c51e8289ac1a8c026aaac143e15aa1957f54f42e30d8f8a85c3a55', 'roll': 'customer', 'shop name': 'None', 'start work period': 'None', 'end work period': 'None'}' 

'27-Sep-21 19:42:59 - root - INFO - list of customers:
{'username': '09198928712', 'password': '97a6d21df7c51e8289ac1a8c026aaac143e15aa1957f54f42e30d8f8a85c3a55', 'roll': 'customer', 'shop name': 'None', 'start work period': 'None', 'end work period': 'None'}' 

'27-Sep-21 19:43:30 - root - INFO - list of customers:
{'username': '09198928712', 'password': '97a6d21df7c51e8289ac1a8c026aaac143e15aa1957f54f42e30d8f8a85c3a55', 'roll': 'customer', 'shop name': 'None', 'start work period': 'None', 'end work period': 'None'}' 

'27-Sep-21 19:43:30 - root - INFO - list of customers:
{'username': '09010609876', 'password': 'b3a8e0e1f9ab1bfe3a36f231f676f78bb30a519d2b21e6c530c0eee8ebb4a5d0', 'roll': 'customer', 'shop name': 'None', 'start work period': 'None', 'end work period': 'None'}' 

'27-Sep-21 19:43:57 - root - INFO - list of customers:
{'username': '09198928712', 'password': '97a6d21df7c51e8289ac1a8c026aaac143e15aa1957f54f42e30d8f8a85c3a55', 'roll': 'customer', 'shop name': 'None', 'start work period': 'None', 'end work period': 'None'}' 

'27-Sep-21 19:43:57 - root - INFO - list of customers:
{'username': '09010609876', 'password': 'b3a8e0e1f9ab1bfe3a36f231f676f78bb30a519d2b21e6c530c0eee8ebb4a5d0', 'roll': 'customer', 'shop name': 'None', 'start work period': 'None', 'end work period': 'None'}' 

'27-Sep-21 19:46:14 - root - INFO - you entered successfully!' 

'27-Sep-21 19:46:14 - root - INFO - All goods are available now' 

'27-Sep-21 19:46:15 - root - INFO - list of customers:
{'username': '09198928712', 'password': '97a6d21df7c51e8289ac1a8c026aaac143e15aa1957f54f42e30d8f8a85c3a55', 'roll': 'customer', 'shop name': 'None', 'start work period': 'None', 'end work period': 'None'}' 

'27-Sep-21 19:46:15 - root - INFO - list of customers:
{'username': '09010609876', 'password': 'b3a8e0e1f9ab1bfe3a36f231f676f78bb30a519d2b21e6c530c0eee8ebb4a5d0', 'roll': 'customer', 'shop name': 'None', 'start work period': 'None', 'end work period': 'None'}' 

'27-Sep-21 20:13:53 - root - INFO - you entered successfully!' 

'27-Sep-21 20:13:53 - root - INFO - All goods are available now' 

'27-Sep-21 20:42:46 - root - INFO - you entered successfully!' 

'27-Sep-21 20:42:46 - root - INFO - All goods are available now' 

'27-Sep-21 20:46:02 - root - INFO - you entered successfully!' 

'27-Sep-21 20:46:02 - root - INFO - All goods are available now' 

'27-Sep-21 20:48:48 - root - INFO - you entered successfully!' 

'27-Sep-21 20:48:48 - root - INFO - All goods are available now' 

'27-Sep-21 20:50:41 - root - INFO - you entered successfully!' 

'27-Sep-21 20:50:41 - root - INFO - All goods are available now' 

'27-Sep-21 21:12:47 - root - INFO - you entered successfully!' 

'27-Sep-21 21:12:47 - root - INFO - All goods are available now' 

